[debug] [2018-11-24T01:17:46.117Z] ----------------------------------------------------------------------
[debug] [2018-11-24T01:17:46.121Z] Command:       C:\Program Files\nodejs\node.exe C:\Users\stevi\AppData\Roaming\npm\node_modules\firebase-tools\lib\bin\firebase.js serve --only hosting
[debug] [2018-11-24T01:17:46.121Z] CLI Version:   6.1.1
[debug] [2018-11-24T01:17:46.121Z] Platform:      win32
[debug] [2018-11-24T01:17:46.121Z] Node Version:  v10.13.0
[debug] [2018-11-24T01:17:46.122Z] Time:          Sat Nov 24 2018 14:17:46 GMT+1300 (New Zealand Daylight Time)
[debug] [2018-11-24T01:17:46.122Z] ----------------------------------------------------------------------
[debug] 
[debug] [2018-11-24T01:17:46.136Z] > command requires scopes: ["email","openid","https://www.googleapis.com/auth/cloudplatformprojects.readonly","https://www.googleapis.com/auth/firebase","https://www.googleapis.com/auth/cloud-platform"]
[debug] [2018-11-24T01:17:46.137Z] > authorizing via signed-in user
[debug] [2018-11-24T01:17:46.137Z] [iam] checking project trapteam-cc for permissions ["firebase.projects.get"]
[debug] [2018-11-24T01:17:46.139Z] > refreshing access token with scopes: ["email","https://www.googleapis.com/auth/cloud-platform","https://www.googleapis.com/auth/cloudplatformprojects.readonly","https://www.googleapis.com/auth/firebase","openid"]
[debug] [2018-11-24T01:17:46.140Z] >>> HTTP REQUEST POST https://www.googleapis.com/oauth2/v3/token  
 <request body omitted>
[debug] [2018-11-24T01:17:46.572Z] <<< HTTP RESPONSE 200
[debug] [2018-11-24T01:17:46.578Z] >>> HTTP REQUEST POST https://cloudresourcemanager.googleapis.com/v1/projects/trapteam-cc:testIamPermissions  

[debug] [2018-11-24T01:17:47.993Z] <<< HTTP RESPONSE 200
[debug] [2018-11-24T01:17:47.994Z] >>> HTTP REQUEST GET https://cloudresourcemanager.googleapis.com/v1/projects/trapteam-cc  
 
[debug] [2018-11-24T01:17:48.372Z] <<< HTTP RESPONSE 200
[info] 
[info] === Serving from 'C:\Users\stevi\OneDrive\My sites\trapteam.cc'...
[info] 
[debug] [2018-11-24T01:17:48.376Z] >>> HTTP REQUEST GET https://mobilesdk-pa.googleapis.com/v1/projects/150993996289/clients/_:getWebAppConfig  
 
[debug] [2018-11-24T01:17:49.191Z] <<< HTTP RESPONSE 200
[info] i  hosting: Serving hosting files from: public
[info] +  hosting: Local server: http://localhost:5000
[debug] [2018-11-24T01:25:51.967Z] Error [ERR_STREAM_WRITE_AFTER_END]: write after end
    at write_ (_http_outgoing.js:572:17)
    at ServerResponse.write (_http_outgoing.js:567:10)
    at ReadStream.ondata (_stream_readable.js:666:20)
    at ReadStream.emit (events.js:182:13)
    at ReadStream.EventEmitter.emit (domain.js:442:20)
    at addChunk (_stream_readable.js:283:12)
    at readableAddChunk (_stream_readable.js:264:11)
    at ReadStream.Readable.push (_stream_readable.js:219:10)
    at lazyFs.read (internal/fs/streams.js:181:12)
    at FSReqWrap.wrapper [as oncomplete] (fs.js:460:17)
[error] 
[error] Error: An unexpected error has occurred.
[debug] [2018-11-24T01:26:24.678Z] ----------------------------------------------------------------------
[debug] [2018-11-24T01:26:24.687Z] Command:       C:\Program Files\nodejs\node.exe C:\Users\stevi\AppData\Roaming\npm\node_modules\firebase-tools\lib\bin\firebase.js serve --only hosting
[debug] [2018-11-24T01:26:24.688Z] CLI Version:   6.1.1
[debug] [2018-11-24T01:26:24.688Z] Platform:      win32
[debug] [2018-11-24T01:26:24.688Z] Node Version:  v10.13.0
[debug] [2018-11-24T01:26:24.690Z] Time:          Sat Nov 24 2018 14:26:24 GMT+1300 (New Zealand Daylight Time)
[debug] [2018-11-24T01:26:24.690Z] ----------------------------------------------------------------------
[debug] 
[debug] [2018-11-24T01:26:24.726Z] > command requires scopes: ["email","openid","https://www.googleapis.com/auth/cloudplatformprojects.readonly","https://www.googleapis.com/auth/firebase","https://www.googleapis.com/auth/cloud-platform"]
[debug] [2018-11-24T01:26:24.727Z] > authorizing via signed-in user
[debug] [2018-11-24T01:26:24.727Z] [iam] checking project trapteam-cc for permissions ["firebase.projects.get"]
[debug] [2018-11-24T01:26:24.735Z] >>> HTTP REQUEST POST https://cloudresourcemanager.googleapis.com/v1/projects/trapteam-cc:testIamPermissions  

[debug] [2018-11-24T01:26:26.262Z] <<< HTTP RESPONSE 200
[debug] [2018-11-24T01:26:26.266Z] >>> HTTP REQUEST GET https://cloudresourcemanager.googleapis.com/v1/projects/trapteam-cc  
 
[debug] [2018-11-24T01:26:27.601Z] <<< HTTP RESPONSE 200
[info] 
[info] === Serving from 'C:\Users\stevi\OneDrive\My sites\trapteam.cc'...
[info] 
[debug] [2018-11-24T01:26:27.613Z] >>> HTTP REQUEST GET https://mobilesdk-pa.googleapis.com/v1/projects/150993996289/clients/_:getWebAppConfig  
 
[debug] [2018-11-24T01:26:28.363Z] <<< HTTP RESPONSE 200
[info] i  hosting: Serving hosting files from: public
[info] +  hosting: Local server: http://localhost:5000
