[debug] [2019-06-15T04:21:08.678Z] ----------------------------------------------------------------------
[debug] [2019-06-15T04:21:08.681Z] Command:       C:\Program Files\nodejs\node.exe C:\Users\stevi\AppData\Roaming\npm\node_modules\firebase-tools\lib\bin\firebase.js serve --only hosting
[debug] [2019-06-15T04:21:08.681Z] CLI Version:   6.11.0
[debug] [2019-06-15T04:21:08.681Z] Platform:      win32
[debug] [2019-06-15T04:21:08.681Z] Node Version:  v10.13.0
[debug] [2019-06-15T04:21:08.690Z] Time:          Sat Jun 15 2019 16:21:08 GMT+1200 (New Zealand Standard Time)
[debug] [2019-06-15T04:21:08.690Z] ----------------------------------------------------------------------
[debug] 
[debug] [2019-06-15T04:21:08.700Z] > command requires scopes: ["email","openid","https://www.googleapis.com/auth/cloudplatformprojects.readonly","https://www.googleapis.com/auth/firebase","https://www.googleapis.com/auth/cloud-platform"]
[debug] [2019-06-15T04:21:08.700Z] > authorizing via signed-in user
[debug] [2019-06-15T04:21:08.700Z] [iam] checking project trapteam-cc for permissions ["firebase.projects.get"]
[debug] [2019-06-15T04:21:08.702Z] > refreshing access token with scopes: ["email","https://www.googleapis.com/auth/cloud-platform","https://www.googleapis.com/auth/cloudplatformprojects.readonly","https://www.googleapis.com/auth/firebase","openid"]
[debug] [2019-06-15T04:21:08.702Z] >>> HTTP REQUEST POST https://www.googleapis.com/oauth2/v3/token  
 <request body omitted>
[debug] [2019-06-15T04:21:09.136Z] <<< HTTP RESPONSE 200
[debug] [2019-06-15T04:21:09.141Z] >>> HTTP REQUEST POST https://cloudresourcemanager.googleapis.com/v1/projects/trapteam-cc:testIamPermissions  

[debug] [2019-06-15T04:21:10.703Z] <<< HTTP RESPONSE 200
[debug] [2019-06-15T04:21:10.704Z] >>> HTTP REQUEST GET https://cloudresourcemanager.googleapis.com/v1/projects/trapteam-cc  
 
[debug] [2019-06-15T04:21:12.044Z] <<< HTTP RESPONSE 200
[debug] [2019-06-15T04:21:12.047Z] >>> HTTP REQUEST GET https://mobilesdk-pa.googleapis.com/v1/projects/150993996289/clients/_:getWebAppConfig  
 
[debug] [2019-06-15T04:21:12.804Z] <<< HTTP RESPONSE 200
[info] i  hosting: Serving hosting files from: public
[info] +  hosting: Local server: http://localhost:5000
[debug] [2019-06-15T04:21:32.884Z] ----------------------------------------------------------------------
[debug] [2019-06-15T04:21:32.886Z] Command:       C:\Program Files\nodejs\node.exe C:\Users\stevi\AppData\Roaming\npm\node_modules\firebase-tools\lib\bin\firebase.js serve --only hosting
[debug] [2019-06-15T04:21:32.886Z] CLI Version:   6.11.0
[debug] [2019-06-15T04:21:32.886Z] Platform:      win32
[debug] [2019-06-15T04:21:32.886Z] Node Version:  v10.13.0
[debug] [2019-06-15T04:21:32.887Z] Time:          Sat Jun 15 2019 16:21:32 GMT+1200 (New Zealand Standard Time)
[debug] [2019-06-15T04:21:32.887Z] ----------------------------------------------------------------------
[debug] 
[debug] [2019-06-15T04:21:32.894Z] > command requires scopes: ["email","openid","https://www.googleapis.com/auth/cloudplatformprojects.readonly","https://www.googleapis.com/auth/firebase","https://www.googleapis.com/auth/cloud-platform"]
[debug] [2019-06-15T04:21:32.894Z] > authorizing via signed-in user
[debug] [2019-06-15T04:21:32.895Z] [iam] checking project trapteam-cc for permissions ["firebase.projects.get"]
[debug] [2019-06-15T04:21:32.896Z] >>> HTTP REQUEST POST https://cloudresourcemanager.googleapis.com/v1/projects/trapteam-cc:testIamPermissions  

[debug] [2019-06-15T04:21:34.338Z] <<< HTTP RESPONSE 200
[debug] [2019-06-15T04:21:34.339Z] >>> HTTP REQUEST GET https://cloudresourcemanager.googleapis.com/v1/projects/trapteam-cc  
 
[debug] [2019-06-15T04:21:35.685Z] <<< HTTP RESPONSE 200
[debug] [2019-06-15T04:21:35.686Z] >>> HTTP REQUEST GET https://mobilesdk-pa.googleapis.com/v1/projects/150993996289/clients/_:getWebAppConfig  
 
[debug] [2019-06-15T04:21:36.298Z] <<< HTTP RESPONSE 200
[info] i  hosting: Serving hosting files from: public
[info] +  hosting: Local server: http://localhost:5000
[debug] [2019-06-15T04:21:55.658Z] ----------------------------------------------------------------------
[debug] [2019-06-15T04:21:55.660Z] Command:       C:\Program Files\nodejs\node.exe C:\Users\stevi\AppData\Roaming\npm\node_modules\firebase-tools\lib\bin\firebase.js serve --only hosting
[debug] [2019-06-15T04:21:55.660Z] CLI Version:   6.11.0
[debug] [2019-06-15T04:21:55.660Z] Platform:      win32
[debug] [2019-06-15T04:21:55.660Z] Node Version:  v10.13.0
[debug] [2019-06-15T04:21:55.661Z] Time:          Sat Jun 15 2019 16:21:55 GMT+1200 (New Zealand Standard Time)
[debug] [2019-06-15T04:21:55.661Z] ----------------------------------------------------------------------
[debug] 
[debug] [2019-06-15T04:21:55.668Z] > command requires scopes: ["email","openid","https://www.googleapis.com/auth/cloudplatformprojects.readonly","https://www.googleapis.com/auth/firebase","https://www.googleapis.com/auth/cloud-platform"]
[debug] [2019-06-15T04:21:55.668Z] > authorizing via signed-in user
[debug] [2019-06-15T04:21:55.668Z] [iam] checking project trapteam-cc for permissions ["firebase.projects.get"]
[debug] [2019-06-15T04:21:55.670Z] >>> HTTP REQUEST POST https://cloudresourcemanager.googleapis.com/v1/projects/trapteam-cc:testIamPermissions  

[debug] [2019-06-15T04:22:23.451Z] ----------------------------------------------------------------------
[debug] [2019-06-15T04:22:23.453Z] Command:       C:\Program Files\nodejs\node.exe C:\Users\stevi\AppData\Roaming\npm\node_modules\firebase-tools\lib\bin\firebase.js serve --only hosting
[debug] [2019-06-15T04:22:23.454Z] CLI Version:   6.11.0
[debug] [2019-06-15T04:22:23.454Z] Platform:      win32
[debug] [2019-06-15T04:22:23.454Z] Node Version:  v10.13.0
[debug] [2019-06-15T04:22:23.455Z] Time:          Sat Jun 15 2019 16:22:23 GMT+1200 (New Zealand Standard Time)
[debug] [2019-06-15T04:22:23.455Z] ----------------------------------------------------------------------
[debug] 
[debug] [2019-06-15T04:22:23.462Z] > command requires scopes: ["email","openid","https://www.googleapis.com/auth/cloudplatformprojects.readonly","https://www.googleapis.com/auth/firebase","https://www.googleapis.com/auth/cloud-platform"]
[debug] [2019-06-15T04:22:23.462Z] > authorizing via signed-in user
[debug] [2019-06-15T04:22:23.462Z] [iam] checking project trapteam-cc for permissions ["firebase.projects.get"]
[debug] [2019-06-15T04:22:23.463Z] >>> HTTP REQUEST POST https://cloudresourcemanager.googleapis.com/v1/projects/trapteam-cc:testIamPermissions  

[debug] [2019-06-15T04:22:24.903Z] <<< HTTP RESPONSE 200
[debug] [2019-06-15T04:22:24.905Z] >>> HTTP REQUEST GET https://cloudresourcemanager.googleapis.com/v1/projects/trapteam-cc  
 
[debug] [2019-06-15T04:22:26.241Z] <<< HTTP RESPONSE 200
[debug] [2019-06-15T04:22:26.241Z] >>> HTTP REQUEST GET https://mobilesdk-pa.googleapis.com/v1/projects/150993996289/clients/_:getWebAppConfig  
 
[debug] [2019-06-15T04:22:26.854Z] <<< HTTP RESPONSE 200
[info] i  hosting: Serving hosting files from: public
[info] +  hosting: Local server: http://localhost:5000
[debug] [2019-06-19T05:16:19.711Z] ----------------------------------------------------------------------
[debug] [2019-06-19T05:16:19.714Z] Command:       C:\Program Files\nodejs\node.exe C:\Users\stevi\AppData\Roaming\npm\node_modules\firebase-tools\lib\bin\firebase.js serve --only hosting
[debug] [2019-06-19T05:16:19.714Z] CLI Version:   6.11.0
[debug] [2019-06-19T05:16:19.714Z] Platform:      win32
[debug] [2019-06-19T05:16:19.714Z] Node Version:  v10.13.0
[debug] [2019-06-19T05:16:19.720Z] Time:          Wed Jun 19 2019 17:16:19 GMT+1200 (New Zealand Standard Time)
[debug] [2019-06-19T05:16:19.720Z] ----------------------------------------------------------------------
[debug] 
[debug] [2019-06-19T05:16:19.733Z] > command requires scopes: ["email","openid","https://www.googleapis.com/auth/cloudplatformprojects.readonly","https://www.googleapis.com/auth/firebase","https://www.googleapis.com/auth/cloud-platform"]
[debug] [2019-06-19T05:16:19.734Z] > authorizing via signed-in user
[debug] [2019-06-19T05:16:19.734Z] [iam] checking project trapteam-cc for permissions ["firebase.projects.get"]
[debug] [2019-06-19T05:16:19.735Z] > refreshing access token with scopes: ["email","https://www.googleapis.com/auth/cloud-platform","https://www.googleapis.com/auth/cloudplatformprojects.readonly","https://www.googleapis.com/auth/firebase","openid"]
[debug] [2019-06-19T05:16:19.735Z] >>> HTTP REQUEST POST https://www.googleapis.com/oauth2/v3/token  
 <request body omitted>
[debug] [2019-06-19T05:16:20.146Z] <<< HTTP RESPONSE 200
[debug] [2019-06-19T05:16:20.154Z] >>> HTTP REQUEST POST https://cloudresourcemanager.googleapis.com/v1/projects/trapteam-cc:testIamPermissions  

[debug] [2019-06-19T05:16:21.715Z] <<< HTTP RESPONSE 200
[debug] [2019-06-19T05:16:21.716Z] >>> HTTP REQUEST GET https://cloudresourcemanager.googleapis.com/v1/projects/trapteam-cc  
 
[debug] [2019-06-19T05:16:22.092Z] <<< HTTP RESPONSE 200
[debug] [2019-06-19T05:16:22.093Z] >>> HTTP REQUEST GET https://mobilesdk-pa.googleapis.com/v1/projects/150993996289/clients/_:getWebAppConfig  
 
[debug] [2019-06-19T05:16:22.899Z] <<< HTTP RESPONSE 200
[info] i  hosting: Serving hosting files from: public
[info] +  hosting: Local server: http://localhost:5000
[debug] [2019-06-22T02:43:56.430Z] ----------------------------------------------------------------------
[debug] [2019-06-22T02:43:56.433Z] Command:       C:\Program Files\nodejs\node.exe C:\Users\stevi\AppData\Roaming\npm\node_modules\firebase-tools\lib\bin\firebase.js serve --only hosting
[debug] [2019-06-22T02:43:56.433Z] CLI Version:   6.11.0
[debug] [2019-06-22T02:43:56.433Z] Platform:      win32
[debug] [2019-06-22T02:43:56.433Z] Node Version:  v10.13.0
[debug] [2019-06-22T02:43:56.439Z] Time:          Sat Jun 22 2019 14:43:56 GMT+1200 (New Zealand Standard Time)
[debug] [2019-06-22T02:43:56.439Z] ----------------------------------------------------------------------
[debug] 
[debug] [2019-06-22T02:43:56.455Z] > command requires scopes: ["email","openid","https://www.googleapis.com/auth/cloudplatformprojects.readonly","https://www.googleapis.com/auth/firebase","https://www.googleapis.com/auth/cloud-platform"]
[debug] [2019-06-22T02:43:56.455Z] > authorizing via signed-in user
[debug] [2019-06-22T02:43:56.455Z] [iam] checking project trapteam-cc for permissions ["firebase.projects.get"]
[debug] [2019-06-22T02:43:56.456Z] > refreshing access token with scopes: ["email","https://www.googleapis.com/auth/cloud-platform","https://www.googleapis.com/auth/cloudplatformprojects.readonly","https://www.googleapis.com/auth/firebase","openid"]
[debug] [2019-06-22T02:43:56.457Z] >>> HTTP REQUEST POST https://www.googleapis.com/oauth2/v3/token  
 <request body omitted>
[debug] [2019-06-22T02:43:57.074Z] <<< HTTP RESPONSE 200
[debug] [2019-06-22T02:43:57.080Z] >>> HTTP REQUEST POST https://cloudresourcemanager.googleapis.com/v1/projects/trapteam-cc:testIamPermissions  

[debug] [2019-06-22T02:43:58.718Z] <<< HTTP RESPONSE 200
[debug] [2019-06-22T02:43:58.718Z] >>> HTTP REQUEST GET https://cloudresourcemanager.googleapis.com/v1/projects/trapteam-cc  
 
[debug] [2019-06-22T02:44:00.263Z] <<< HTTP RESPONSE 200
[debug] [2019-06-22T02:44:00.264Z] >>> HTTP REQUEST GET https://mobilesdk-pa.googleapis.com/v1/projects/150993996289/clients/_:getWebAppConfig  
 
[debug] [2019-06-22T02:44:01.416Z] <<< HTTP RESPONSE 200
[info] i  hosting: Serving hosting files from: public
[info] +  hosting: Local server: http://localhost:5000
[debug] [2019-06-22T02:55:51.334Z] ----------------------------------------------------------------------
[debug] [2019-06-22T02:55:51.336Z] Command:       C:\Program Files\nodejs\node.exe C:\Users\stevi\AppData\Roaming\npm\node_modules\firebase-tools\lib\bin\firebase.js serve --only hosting
[debug] [2019-06-22T02:55:51.336Z] CLI Version:   6.11.0
[debug] [2019-06-22T02:55:51.336Z] Platform:      win32
[debug] [2019-06-22T02:55:51.337Z] Node Version:  v10.13.0
[debug] [2019-06-22T02:55:51.338Z] Time:          Sat Jun 22 2019 14:55:51 GMT+1200 (New Zealand Standard Time)
[debug] [2019-06-22T02:55:51.338Z] ----------------------------------------------------------------------
[debug] 
[debug] [2019-06-22T02:55:51.346Z] > command requires scopes: ["email","openid","https://www.googleapis.com/auth/cloudplatformprojects.readonly","https://www.googleapis.com/auth/firebase","https://www.googleapis.com/auth/cloud-platform"]
[debug] [2019-06-22T02:55:51.346Z] > authorizing via signed-in user
[debug] [2019-06-22T02:55:51.346Z] [iam] checking project trapteam-cc for permissions ["firebase.projects.get"]
[debug] [2019-06-22T02:55:51.347Z] >>> HTTP REQUEST POST https://cloudresourcemanager.googleapis.com/v1/projects/trapteam-cc:testIamPermissions  

[debug] [2019-06-22T02:55:52.970Z] <<< HTTP RESPONSE 200
[debug] [2019-06-22T02:55:52.972Z] >>> HTTP REQUEST GET https://cloudresourcemanager.googleapis.com/v1/projects/trapteam-cc  
 
[debug] [2019-06-22T02:55:54.319Z] <<< HTTP RESPONSE 200
[debug] [2019-06-22T02:55:54.320Z] >>> HTTP REQUEST GET https://mobilesdk-pa.googleapis.com/v1/projects/150993996289/clients/_:getWebAppConfig  
 
[debug] [2019-06-22T02:55:55.389Z] <<< HTTP RESPONSE 200
[info] i  hosting: Serving hosting files from: public
[info] +  hosting: Local server: http://localhost:5000
[debug] [2019-06-26T04:50:46.350Z] ----------------------------------------------------------------------
[debug] [2019-06-26T04:50:46.355Z] Command:       C:\Program Files\nodejs\node.exe C:\Users\stevi\AppData\Roaming\npm\node_modules\firebase-tools\lib\bin\firebase.js serve --only hosting
[debug] [2019-06-26T04:50:46.356Z] CLI Version:   6.11.0
[debug] [2019-06-26T04:50:46.356Z] Platform:      win32
[debug] [2019-06-26T04:50:46.356Z] Node Version:  v10.13.0
[debug] [2019-06-26T04:50:46.366Z] Time:          Wed Jun 26 2019 16:50:46 GMT+1200 (New Zealand Standard Time)
[debug] [2019-06-26T04:50:46.367Z] ----------------------------------------------------------------------
[debug] 
[debug] [2019-06-26T04:50:46.388Z] > command requires scopes: ["email","openid","https://www.googleapis.com/auth/cloudplatformprojects.readonly","https://www.googleapis.com/auth/firebase","https://www.googleapis.com/auth/cloud-platform"]
[debug] [2019-06-26T04:50:46.389Z] > authorizing via signed-in user
[debug] [2019-06-26T04:50:46.389Z] [iam] checking project trapteam-cc for permissions ["firebase.projects.get"]
[debug] [2019-06-26T04:50:46.393Z] > refreshing access token with scopes: ["email","https://www.googleapis.com/auth/cloud-platform","https://www.googleapis.com/auth/cloudplatformprojects.readonly","https://www.googleapis.com/auth/firebase","openid"]
[debug] [2019-06-26T04:50:46.393Z] >>> HTTP REQUEST POST https://www.googleapis.com/oauth2/v3/token  
 <request body omitted>
[debug] [2019-06-26T04:50:46.968Z] <<< HTTP RESPONSE 200
[debug] [2019-06-26T04:50:46.981Z] >>> HTTP REQUEST POST https://cloudresourcemanager.googleapis.com/v1/projects/trapteam-cc:testIamPermissions  

[debug] [2019-06-26T04:50:48.648Z] <<< HTTP RESPONSE 200
[debug] [2019-06-26T04:50:48.650Z] >>> HTTP REQUEST GET https://cloudresourcemanager.googleapis.com/v1/projects/trapteam-cc  
 
[debug] [2019-06-26T04:50:50.047Z] <<< HTTP RESPONSE 200
[debug] [2019-06-26T04:50:50.049Z] >>> HTTP REQUEST GET https://mobilesdk-pa.googleapis.com/v1/projects/150993996289/clients/_:getWebAppConfig  
 
[debug] [2019-06-26T04:50:50.872Z] <<< HTTP RESPONSE 200
[info] i  hosting: Serving hosting files from: public
[info] +  hosting: Local server: http://localhost:5000
